TN:
SF:/media/mohsen/IO/Serendip/serendip/gulpfile.js
FN:21,(anonymous_0)
FN:32,(anonymous_1)
FN:48,(anonymous_2)
FN:56,(anonymous_3)
FN:65,(anonymous_4)
FN:93,(anonymous_5)
FN:98,(anonymous_6)
FN:99,(anonymous_7)
FN:137,(anonymous_8)
FNF:9
FNH:0
FNDA:0,(anonymous_0)
FNDA:0,(anonymous_1)
FNDA:0,(anonymous_2)
FNDA:0,(anonymous_3)
FNDA:0,(anonymous_4)
FNDA:0,(anonymous_5)
FNDA:0,(anonymous_6)
FNDA:0,(anonymous_7)
FNDA:0,(anonymous_8)
DA:1,0
DA:2,0
DA:3,0
DA:4,0
DA:5,0
DA:6,0
DA:7,0
DA:8,0
DA:11,0
DA:19,0
DA:21,0
DA:23,0
DA:24,0
DA:25,0
DA:27,0
DA:32,0
DA:35,0
DA:48,0
DA:50,0
DA:56,0
DA:58,0
DA:65,0
DA:67,0
DA:86,0
DA:90,0
DA:93,0
DA:98,0
DA:99,0
DA:101,0
DA:105,0
DA:130,0
DA:133,0
LF:32
LH:0
BRDA:23,0,0,0
BRDA:23,0,1,0
BRDA:24,1,0,0
BRDA:24,1,1,0
BRF:4
BRH:0
end_of_record
TN:
SF:/media/mohsen/IO/Serendip/serendip/index.js
FNF:0
FNH:0
DA:1,1
LF:1
LH:1
BRF:0
BRH:0
end_of_record
TN:
SF:/media/mohsen/IO/Serendip/serendip/dist/debug.js
FN:24,(anonymous_0)
FN:26,(anonymous_1)
FNF:2
FNH:0
FNDA:0,(anonymous_0)
FNDA:0,(anonymous_1)
DA:2,0
DA:3,0
DA:4,0
DA:5,0
DA:6,0
DA:10,0
DA:14,0
DA:25,0
DA:27,0
DA:28,0
LF:10
LH:0
BRF:0
BRH:0
end_of_record
TN:
SF:/media/mohsen/IO/Serendip/serendip/dist/debug_ignore.js
FN:20,(anonymous_0)
FN:28,(anonymous_1)
FN:31,(anonymous_2)
FN:55,(anonymous_3)
FN:63,(anonymous_4)
FN:66,(anonymous_5)
FNF:6
FNH:0
FNDA:0,(anonymous_0)
FNDA:0,(anonymous_1)
FNDA:0,(anonymous_2)
FNDA:0,(anonymous_3)
FNDA:0,(anonymous_4)
FNDA:0,(anonymous_5)
DA:2,0
DA:3,0
DA:4,0
DA:5,0
DA:6,0
DA:10,0
DA:15,0
DA:24,0
DA:29,0
DA:32,0
DA:57,0
DA:58,0
DA:64,0
DA:67,0
DA:68,0
DA:69,0
LF:16
LH:0
BRF:0
BRH:0
end_of_record
TN:
SF:/media/mohsen/IO/Serendip/serendip/dist/index.js
FN:2,__export
FNF:1
FNH:1
FNDA:10,__export
DA:3,30
DA:5,1
DA:6,1
DA:7,1
DA:8,1
DA:9,1
DA:10,1
DA:11,1
DA:12,1
DA:13,1
DA:14,1
DA:15,1
LF:12
LH:12
BRDA:3,0,0,30
BRDA:3,0,1,0
BRF:2
BRH:1
end_of_record
TN:
SF:/media/mohsen/IO/Serendip/serendip/dist/start.js
FN:7,start
FN:15,(anonymous_1)
FN:26,(anonymous_2)
FN:31,(anonymous_3)
FN:39,(anonymous_4)
FNF:5
FNH:3
FNDA:3,start
FNDA:3,(anonymous_1)
FNDA:0,(anonymous_2)
FNDA:0,(anonymous_3)
FNDA:3,(anonymous_4)
DA:2,1
DA:3,1
DA:4,1
DA:5,1
DA:6,1
DA:8,3
DA:9,0
DA:10,3
DA:11,0
DA:12,3
DA:13,0
DA:14,3
DA:15,3
DA:16,3
DA:18,3
DA:19,3
DA:20,0
DA:22,3
DA:23,3
DA:25,3
DA:26,0
DA:27,0
DA:28,0
DA:30,0
DA:31,0
DA:32,0
DA:33,0
DA:34,0
DA:35,0
DA:39,3
DA:40,3
DA:41,0
DA:42,3
DA:43,3
DA:44,0
DA:45,0
DA:47,0
DA:48,0
DA:53,1
LF:39
LH:21
BRDA:8,0,0,0
BRDA:8,0,1,3
BRDA:10,1,0,0
BRDA:10,1,1,3
BRDA:12,2,0,0
BRDA:12,2,1,3
BRDA:18,3,0,3
BRDA:18,3,1,0
BRDA:19,4,0,0
BRDA:19,4,1,3
BRDA:25,5,0,0
BRDA:25,5,1,3
BRDA:25,6,0,3
BRDA:25,6,1,3
BRDA:27,7,0,0
BRDA:27,7,1,0
BRDA:32,8,0,0
BRDA:32,8,1,0
BRDA:34,9,0,0
BRDA:34,9,1,0
BRDA:39,10,0,3
BRDA:39,10,1,3
BRDA:40,11,0,0
BRDA:40,11,1,3
BRDA:42,12,0,3
BRDA:42,12,1,0
BRDA:44,13,0,0
BRDA:44,13,1,0
BRDA:47,14,0,0
BRDA:47,14,1,0
BRF:30
BRH:12
end_of_record
TN:
SF:/media/mohsen/IO/Serendip/serendip/dist/auth/AuthController.js
FN:11,(anonymous_0)
FN:16,(anonymous_1)
FN:39,(anonymous_2)
FN:42,(anonymous_3)
FN:45,(anonymous_4)
FN:63,(anonymous_5)
FN:88,(anonymous_6)
FN:100,(anonymous_7)
FN:112,(anonymous_8)
FN:132,(anonymous_9)
FN:160,(anonymous_10)
FN:168,(anonymous_11)
FN:171,(anonymous_12)
FN:181,(anonymous_13)
FN:186,(anonymous_14)
FN:197,(anonymous_15)
FN:205,(anonymous_16)
FN:212,(anonymous_17)
FN:219,(anonymous_18)
FN:222,(anonymous_19)
FN:224,(anonymous_20)
FN:232,(anonymous_21)
FN:249,(anonymous_22)
FN:255,(anonymous_23)
FN:261,(anonymous_24)
FN:271,(anonymous_25)
FN:287,(anonymous_26)
FN:290,(anonymous_27)
FN:304,(anonymous_28)
FN:314,(anonymous_29)
FN:323,(anonymous_30)
FN:328,(anonymous_31)
FN:352,(anonymous_32)
FNF:33
FNH:1
FNDA:1,(anonymous_0)
FNDA:0,(anonymous_1)
FNDA:0,(anonymous_2)
FNDA:0,(anonymous_3)
FNDA:0,(anonymous_4)
FNDA:0,(anonymous_5)
FNDA:0,(anonymous_6)
FNDA:0,(anonymous_7)
FNDA:0,(anonymous_8)
FNDA:0,(anonymous_9)
FNDA:0,(anonymous_10)
FNDA:0,(anonymous_11)
FNDA:0,(anonymous_12)
FNDA:0,(anonymous_13)
FNDA:0,(anonymous_14)
FNDA:0,(anonymous_15)
FNDA:0,(anonymous_16)
FNDA:0,(anonymous_17)
FNDA:0,(anonymous_18)
FNDA:0,(anonymous_19)
FNDA:0,(anonymous_20)
FNDA:0,(anonymous_21)
FNDA:0,(anonymous_22)
FNDA:0,(anonymous_23)
FNDA:0,(anonymous_24)
FNDA:0,(anonymous_25)
FNDA:0,(anonymous_26)
FNDA:0,(anonymous_27)
FNDA:0,(anonymous_28)
FNDA:0,(anonymous_29)
FNDA:0,(anonymous_30)
FNDA:0,(anonymous_31)
FNDA:0,(anonymous_32)
DA:2,1
DA:3,1
DA:4,1
DA:5,1
DA:6,1
DA:12,1
DA:17,0
DA:18,0
DA:19,0
DA:20,0
DA:21,0
DA:22,0
DA:23,0
DA:24,0
DA:25,0
DA:26,0
DA:27,0
DA:28,0
DA:29,0
DA:30,0
DA:31,0
DA:32,0
DA:33,0
DA:34,0
DA:35,0
DA:36,0
DA:37,0
DA:40,0
DA:43,0
DA:46,0
DA:47,0
DA:48,0
DA:49,0
DA:50,0
DA:51,0
DA:52,0
DA:53,0
DA:54,0
DA:59,1
DA:64,0
DA:65,0
DA:66,0
DA:67,0
DA:68,0
DA:69,0
DA:70,0
DA:71,0
DA:73,0
DA:74,0
DA:75,0
DA:76,0
DA:77,0
DA:78,0
DA:79,0
DA:80,0
DA:84,1
DA:89,0
DA:90,0
DA:91,0
DA:92,0
DA:96,1
DA:101,0
DA:102,0
DA:103,0
DA:104,0
DA:108,1
DA:113,0
DA:114,0
DA:115,0
DA:116,0
DA:118,0
DA:119,0
DA:120,0
DA:121,0
DA:122,0
DA:123,0
DA:124,0
DA:128,1
DA:133,0
DA:134,0
DA:135,0
DA:136,0
DA:137,0
DA:138,0
DA:139,0
DA:140,0
DA:141,0
DA:142,0
DA:143,0
DA:144,0
DA:145,0
DA:146,0
DA:148,0
DA:149,0
DA:150,0
DA:151,0
DA:152,0
DA:156,1
DA:161,0
DA:162,0
DA:163,0
DA:164,0
DA:165,0
DA:166,0
DA:169,0
DA:172,0
DA:177,1
DA:182,0
DA:183,0
DA:184,0
DA:187,0
DA:188,0
DA:189,0
DA:190,0
DA:197,0
DA:201,1
DA:206,0
DA:207,0
DA:208,0
DA:209,0
DA:210,0
DA:213,0
DA:214,0
DA:215,0
DA:216,0
DA:217,0
DA:220,0
DA:222,0
DA:224,0
DA:228,1
DA:233,0
DA:234,0
DA:235,0
DA:236,0
DA:237,0
DA:238,0
DA:239,0
DA:240,0
DA:241,0
DA:245,1
DA:250,0
DA:251,0
DA:252,0
DA:253,0
DA:256,0
DA:262,0
DA:267,1
DA:272,0
DA:273,0
DA:274,0
DA:275,0
DA:276,0
DA:277,0
DA:278,0
DA:281,0
DA:283,0
DA:284,0
DA:285,0
DA:288,0
DA:291,0
DA:294,0
DA:296,0
DA:300,1
DA:305,0
DA:306,0
DA:310,1
DA:315,0
DA:319,1
DA:324,0
DA:325,0
DA:326,0
DA:329,0
DA:330,0
DA:331,0
DA:332,0
DA:333,0
DA:334,0
DA:335,0
DA:336,0
DA:337,0
DA:338,0
DA:339,0
DA:340,0
DA:341,0
DA:342,0
DA:343,0
DA:344,0
DA:345,0
DA:346,0
DA:347,0
DA:348,0
DA:349,0
DA:350,0
DA:355,1
DA:358,1
LF:195
LH:22
BRDA:18,0,0,0
BRDA:18,0,1,0
BRDA:18,1,0,0
BRDA:18,1,1,0
BRDA:20,2,0,0
BRDA:20,2,1,0
BRDA:21,3,0,0
BRDA:21,3,1,0
BRDA:23,4,0,0
BRDA:23,4,1,0
BRDA:24,5,0,0
BRDA:24,5,1,0
BRDA:25,6,0,0
BRDA:25,6,1,0
BRDA:27,7,0,0
BRDA:27,7,1,0
BRDA:29,8,0,0
BRDA:29,8,1,0
BRDA:31,9,0,0
BRDA:31,9,1,0
BRDA:32,10,0,0
BRDA:32,10,1,0
BRDA:34,11,0,0
BRDA:34,11,1,0
BRDA:46,12,0,0
BRDA:46,12,1,0
BRDA:48,13,0,0
BRDA:48,13,1,0
BRDA:50,14,0,0
BRDA:50,14,1,0
BRDA:52,15,0,0
BRDA:52,15,1,0
BRDA:64,16,0,0
BRDA:64,16,1,0
BRDA:64,17,0,0
BRDA:64,17,1,0
BRDA:66,18,0,0
BRDA:66,18,1,0
BRDA:67,19,0,0
BRDA:67,19,1,0
BRDA:70,20,0,0
BRDA:70,20,1,0
BRDA:74,21,0,0
BRDA:74,21,1,0
BRDA:76,22,0,0
BRDA:76,22,1,0
BRDA:77,23,0,0
BRDA:77,23,1,0
BRDA:89,24,0,0
BRDA:89,24,1,0
BRDA:101,25,0,0
BRDA:101,25,1,0
BRDA:114,26,0,0
BRDA:114,26,1,0
BRDA:115,27,0,0
BRDA:115,27,1,0
BRDA:119,28,0,0
BRDA:119,28,1,0
BRDA:121,29,0,0
BRDA:121,29,1,0
BRDA:133,30,0,0
BRDA:133,30,1,0
BRDA:135,31,0,0
BRDA:135,31,1,0
BRDA:137,32,0,0
BRDA:137,32,1,0
BRDA:139,33,0,0
BRDA:139,33,1,0
BRDA:139,34,0,0
BRDA:139,34,1,0
BRDA:141,35,0,0
BRDA:141,35,1,0
BRDA:142,36,0,0
BRDA:142,36,1,0
BRDA:145,37,0,0
BRDA:145,37,1,0
BRDA:149,38,0,0
BRDA:149,38,1,0
BRDA:161,39,0,0
BRDA:161,39,1,0
BRDA:164,40,0,0
BRDA:164,40,1,0
BRDA:182,41,0,0
BRDA:182,41,1,0
BRDA:187,42,0,0
BRDA:187,42,1,0
BRDA:206,43,0,0
BRDA:206,43,1,0
BRDA:208,44,0,0
BRDA:208,44,1,0
BRDA:213,45,0,0
BRDA:213,45,1,0
BRDA:215,46,0,0
BRDA:215,46,1,0
BRDA:233,47,0,0
BRDA:233,47,1,0
BRDA:235,48,0,0
BRDA:235,48,1,0
BRDA:238,49,0,0
BRDA:238,49,1,0
BRDA:251,50,0,0
BRDA:251,50,1,0
BRDA:274,51,0,0
BRDA:274,51,1,0
BRDA:281,52,0,0
BRDA:281,52,1,0
BRDA:283,53,0,0
BRDA:283,53,1,0
BRDA:284,54,0,0
BRDA:284,54,1,0
BRDA:324,55,0,0
BRDA:324,55,1,0
BRDA:329,56,0,0
BRDA:329,56,1,0
BRDA:333,57,0,0
BRDA:333,57,1,0
BRDA:335,58,0,0
BRDA:335,58,1,0
BRDA:337,59,0,0
BRDA:337,59,1,0
BRDA:340,60,0,0
BRDA:340,60,1,0
BRDA:342,61,0,0
BRDA:342,61,1,0
BRDA:343,62,0,0
BRDA:343,62,1,0
BRDA:345,63,0,0
BRDA:345,63,1,0
BRDA:346,64,0,0
BRDA:346,64,1,0
BRF:130
BRH:0
end_of_record
TN:
SF:/media/mohsen/IO/Serendip/serendip/dist/auth/AuthService.js
FN:9,(anonymous_0)
FN:13,(anonymous_1)
FN:18,(anonymous_2)
FN:28,(anonymous_3)
FN:45,(anonymous_4)
FN:51,(anonymous_5)
FN:54,(anonymous_6)
FN:85,(anonymous_7)
FN:96,(anonymous_8)
FN:103,(anonymous_9)
FN:108,(anonymous_10)
FN:113,(anonymous_11)
FN:155,(anonymous_12)
FN:158,(anonymous_13)
FN:173,(anonymous_14)
FN:190,(anonymous_15)
FN:198,(anonymous_16)
FN:201,(anonymous_17)
FN:208,(anonymous_18)
FN:216,(anonymous_19)
FN:220,(anonymous_20)
FN:243,(anonymous_21)
FN:255,(anonymous_22)
FN:266,(anonymous_23)
FN:273,(anonymous_24)
FN:280,(anonymous_25)
FN:287,(anonymous_26)
FN:294,(anonymous_27)
FN:301,(anonymous_28)
FNF:29
FNH:4
FNDA:1,(anonymous_0)
FNDA:1,(anonymous_1)
FNDA:1,(anonymous_2)
FNDA:0,(anonymous_3)
FNDA:0,(anonymous_4)
FNDA:1,(anonymous_5)
FNDA:0,(anonymous_6)
FNDA:0,(anonymous_7)
FNDA:0,(anonymous_8)
FNDA:0,(anonymous_9)
FNDA:0,(anonymous_10)
FNDA:0,(anonymous_11)
FNDA:0,(anonymous_12)
FNDA:0,(anonymous_13)
FNDA:0,(anonymous_14)
FNDA:0,(anonymous_15)
FNDA:0,(anonymous_16)
FNDA:0,(anonymous_17)
FNDA:0,(anonymous_18)
FNDA:0,(anonymous_19)
FNDA:0,(anonymous_20)
FNDA:0,(anonymous_21)
FNDA:0,(anonymous_22)
FNDA:0,(anonymous_23)
FNDA:0,(anonymous_24)
FNDA:0,(anonymous_25)
FNDA:0,(anonymous_26)
FNDA:0,(anonymous_27)
FNDA:0,(anonymous_28)
DA:2,1
DA:3,1
DA:4,1
DA:5,1
DA:6,1
DA:7,1
DA:10,1
DA:11,1
DA:14,1
DA:15,1
DA:16,0
DA:19,1
DA:20,1
DA:21,1
DA:22,1
DA:23,1
DA:24,1
DA:25,1
DA:26,1
DA:29,0
DA:46,0
DA:47,0
DA:49,0
DA:52,1
DA:55,0
DA:56,0
DA:57,0
DA:58,0
DA:60,0
DA:61,0
DA:63,0
DA:66,0
DA:67,0
DA:68,0
DA:71,0
DA:73,0
DA:74,0
DA:75,0
DA:76,0
DA:77,0
DA:85,0
DA:86,0
DA:87,0
DA:88,0
DA:89,0
DA:90,0
DA:91,0
DA:92,0
DA:97,0
DA:98,0
DA:99,0
DA:100,0
DA:101,0
DA:104,0
DA:105,0
DA:106,0
DA:109,0
DA:110,0
DA:111,0
DA:114,0
DA:115,0
DA:116,0
DA:117,0
DA:118,0
DA:119,0
DA:120,0
DA:121,0
DA:122,0
DA:123,0
DA:124,0
DA:125,0
DA:126,0
DA:127,0
DA:128,0
DA:129,0
DA:130,0
DA:131,0
DA:132,0
DA:133,0
DA:134,0
DA:135,0
DA:136,0
DA:137,0
DA:138,0
DA:140,0
DA:141,0
DA:142,0
DA:143,0
DA:145,0
DA:146,0
DA:147,0
DA:148,0
DA:149,0
DA:150,0
DA:151,0
DA:153,0
DA:156,0
DA:159,0
DA:164,0
DA:165,0
DA:167,0
DA:168,0
DA:169,0
DA:170,0
DA:174,0
DA:179,0
DA:180,0
DA:182,0
DA:183,0
DA:184,0
DA:185,0
DA:186,0
DA:187,0
DA:191,0
DA:192,0
DA:193,0
DA:195,0
DA:196,0
DA:199,0
DA:200,0
DA:201,0
DA:202,0
DA:205,0
DA:206,0
DA:209,0
DA:214,0
DA:217,0
DA:218,0
DA:221,0
DA:222,0
DA:235,0
DA:236,0
DA:237,0
DA:238,0
DA:239,0
DA:240,0
DA:241,0
DA:244,0
DA:245,0
DA:246,0
DA:247,0
DA:248,0
DA:249,0
DA:250,0
DA:251,0
DA:253,0
DA:256,0
DA:257,0
DA:258,0
DA:259,0
DA:260,0
DA:261,0
DA:263,0
DA:264,0
DA:267,0
DA:268,0
DA:269,0
DA:271,0
DA:274,0
DA:275,0
DA:276,0
DA:278,0
DA:281,0
DA:282,0
DA:283,0
DA:285,0
DA:288,0
DA:289,0
DA:290,0
DA:292,0
DA:295,0
DA:296,0
DA:297,0
DA:299,0
DA:302,0
DA:303,0
DA:304,0
DA:306,0
DA:309,1
DA:312,1
DA:313,1
LF:181
LH:22
BRDA:15,0,0,0
BRDA:15,0,1,1
BRDA:30,1,0,0
BRDA:30,1,1,0
BRDA:46,2,0,0
BRDA:46,2,1,0
BRDA:55,3,0,0
BRDA:55,3,1,0
BRDA:57,4,0,0
BRDA:57,4,1,0
BRDA:57,5,0,0
BRDA:57,5,1,0
BRDA:60,6,0,0
BRDA:60,6,1,0
BRDA:73,7,0,0
BRDA:73,7,1,0
BRDA:75,8,0,0
BRDA:75,8,1,0
BRDA:86,9,0,0
BRDA:86,9,1,0
BRDA:87,10,0,0
BRDA:87,10,1,0
BRDA:87,11,0,0
BRDA:87,11,1,0
BRDA:88,12,0,0
BRDA:88,12,1,0
BRDA:90,13,0,0
BRDA:90,13,1,0
BRDA:90,14,0,0
BRDA:90,14,1,0
BRDA:91,15,0,0
BRDA:91,15,1,0
BRDA:114,16,0,0
BRDA:114,16,1,0
BRDA:116,17,0,0
BRDA:116,17,1,0
BRDA:118,18,0,0
BRDA:118,18,1,0
BRDA:121,19,0,0
BRDA:121,19,1,0
BRDA:126,20,0,0
BRDA:126,20,1,0
BRDA:135,21,0,0
BRDA:135,21,1,0
BRDA:137,22,0,0
BRDA:137,22,1,0
BRDA:140,23,0,0
BRDA:140,23,1,0
BRDA:142,24,0,0
BRDA:142,24,1,0
BRDA:147,25,0,0
BRDA:147,25,1,0
BRDA:148,26,0,0
BRDA:148,26,1,0
BRDA:150,27,0,0
BRDA:150,27,1,0
BRDA:164,28,0,0
BRDA:164,28,1,0
BRDA:179,29,0,0
BRDA:179,29,1,0
BRDA:185,30,0,0
BRDA:185,30,1,0
BRDA:192,31,0,0
BRDA:192,31,1,0
BRDA:200,32,0,0
BRDA:200,32,1,0
BRDA:233,33,0,0
BRDA:233,33,1,0
BRDA:235,34,0,0
BRDA:235,34,1,0
BRDA:238,35,0,0
BRDA:238,35,1,0
BRDA:249,36,0,0
BRDA:249,36,1,0
BRDA:250,37,0,0
BRDA:250,37,1,0
BRDA:261,38,0,0
BRDA:261,38,1,0
BRDA:268,39,0,0
BRDA:268,39,1,0
BRDA:275,40,0,0
BRDA:275,40,1,0
BRDA:282,41,0,0
BRDA:282,41,1,0
BRDA:289,42,0,0
BRDA:289,42,1,0
BRDA:296,43,0,0
BRDA:296,43,1,0
BRDA:303,44,0,0
BRDA:303,44,1,0
BRF:90
BRH:1
end_of_record
TN:
SF:/media/mohsen/IO/Serendip/serendip/dist/auth/index.js
FN:2,__export
FNF:1
FNH:1
FNDA:3,__export
DA:3,6
DA:5,1
DA:6,1
DA:7,1
DA:8,1
LF:5
LH:5
BRDA:3,0,0,6
BRDA:3,0,1,0
BRF:2
BRH:1
end_of_record
TN:
SF:/media/mohsen/IO/Serendip/serendip/dist/auth/interfaces/AccessTokenRequestInterface.js
FNF:0
FNH:0
DA:2,0
LF:1
LH:0
BRF:0
BRH:0
end_of_record
TN:
SF:/media/mohsen/IO/Serendip/serendip/dist/auth/interfaces/AccessTokenResponseInterface.js
FNF:0
FNH:0
DA:2,0
LF:1
LH:0
BRF:0
BRH:0
end_of_record
TN:
SF:/media/mohsen/IO/Serendip/serendip/dist/auth/interfaces/UserRegisterRequestInterface.js
FNF:0
FNH:0
DA:2,0
LF:1
LH:0
BRF:0
BRH:0
end_of_record
TN:
SF:/media/mohsen/IO/Serendip/serendip/dist/auth/interfaces/index.js
FNF:0
FNH:0
DA:2,0
LF:1
LH:0
BRF:0
BRH:0
end_of_record
TN:
SF:/media/mohsen/IO/Serendip/serendip/dist/auth/models/ClientModel.js
FNF:0
FNH:0
DA:2,1
DA:5,1
LF:2
LH:2
BRF:0
BRH:0
end_of_record
TN:
SF:/media/mohsen/IO/Serendip/serendip/dist/auth/models/RestrictionModel.js
FNF:0
FNH:0
DA:2,1
DA:5,1
LF:2
LH:2
BRF:0
BRH:0
end_of_record
TN:
SF:/media/mohsen/IO/Serendip/serendip/dist/auth/models/UserModel.js
FNF:0
FNH:0
DA:2,1
DA:5,1
LF:2
LH:2
BRF:0
BRH:0
end_of_record
TN:
SF:/media/mohsen/IO/Serendip/serendip/dist/auth/models/UserTokenModel.js
FNF:0
FNH:0
DA:2,1
DA:5,1
LF:2
LH:2
BRF:0
BRH:0
end_of_record
TN:
SF:/media/mohsen/IO/Serendip/serendip/dist/auth/models/index.js
FN:2,__export
FNF:1
FNH:1
FNDA:4,__export
DA:3,4
DA:5,1
DA:6,1
DA:7,1
DA:8,1
DA:9,1
LF:6
LH:6
BRDA:3,0,0,4
BRDA:3,0,1,0
BRF:2
BRH:1
end_of_record
TN:
SF:/media/mohsen/IO/Serendip/serendip/dist/core/Server.js
FN:18,(anonymous_0)
FN:32,(anonymous_1)
FN:34,(anonymous_2)
FN:51,(anonymous_3)
FN:55,(anonymous_4)
FN:56,(anonymous_5)
FN:66,(anonymous_6)
FN:74,(anonymous_7)
FN:76,(anonymous_8)
FN:79,(anonymous_9)
FN:82,(anonymous_10)
FN:88,(anonymous_11)
FN:92,(anonymous_12)
FN:105,(anonymous_13)
FN:107,(anonymous_14)
FN:126,(anonymous_15)
FN:127,(anonymous_16)
FN:138,(anonymous_17)
FN:145,(anonymous_18)
FN:149,(anonymous_19)
FN:159,(anonymous_20)
FN:162,startService
FN:183,(anonymous_22)
FN:191,(anonymous_23)
FN:204,(anonymous_24)
FN:208,(anonymous_25)
FN:211,(anonymous_26)
FNF:27
FNH:14
FNDA:3,(anonymous_0)
FNDA:3,(anonymous_1)
FNDA:3,(anonymous_2)
FNDA:3,(anonymous_3)
FNDA:0,(anonymous_4)
FNDA:0,(anonymous_5)
FNDA:0,(anonymous_6)
FNDA:0,(anonymous_7)
FNDA:0,(anonymous_8)
FNDA:3,(anonymous_9)
FNDA:0,(anonymous_10)
FNDA:0,(anonymous_11)
FNDA:0,(anonymous_12)
FNDA:0,(anonymous_13)
FNDA:0,(anonymous_14)
FNDA:0,(anonymous_15)
FNDA:0,(anonymous_16)
FNDA:3,(anonymous_17)
FNDA:5,(anonymous_18)
FNDA:4,(anonymous_19)
FNDA:2,(anonymous_20)
FNDA:5,startService
FNDA:5,(anonymous_22)
FNDA:0,(anonymous_23)
FNDA:3,(anonymous_24)
FNDA:1,(anonymous_25)
FNDA:16,(anonymous_26)
DA:2,1
DA:3,1
DA:4,1
DA:5,1
DA:6,1
DA:7,1
DA:8,1
DA:9,1
DA:10,1
DA:11,1
DA:12,1
DA:19,3
DA:20,3
DA:21,3
DA:22,3
DA:24,3
DA:25,3
DA:27,3
DA:28,3
DA:29,3
DA:30,0
DA:31,3
DA:33,3
DA:35,3
DA:36,3
DA:37,0
DA:42,3
DA:43,0
DA:44,0
DA:47,3
DA:48,0
DA:49,3
DA:51,3
DA:52,3
DA:53,0
DA:54,0
DA:55,0
DA:56,0
DA:57,0
DA:61,3
DA:62,0
DA:63,3
DA:64,3
DA:66,0
DA:67,0
DA:68,0
DA:69,0
DA:70,0
DA:74,0
DA:76,0
DA:80,3
DA:83,0
DA:84,0
DA:85,0
DA:87,0
DA:88,0
DA:89,0
DA:91,0
DA:94,0
DA:95,0
DA:96,0
DA:97,0
DA:98,0
DA:100,0
DA:101,0
DA:102,0
DA:106,0
DA:107,0
DA:108,0
DA:109,0
DA:110,0
DA:114,0
DA:115,0
DA:116,0
DA:117,0
DA:119,0
DA:120,0
DA:121,0
DA:122,0
DA:127,0
DA:128,0
DA:135,0
DA:139,3
DA:140,0
DA:141,3
DA:142,1
DA:143,2
DA:144,2
DA:145,2
DA:146,5
DA:147,0
DA:148,5
DA:149,2
DA:150,4
DA:152,5
DA:154,2
DA:155,2
DA:156,1
DA:157,1
DA:159,2
DA:160,2
DA:161,0
DA:163,5
DA:164,5
DA:165,0
DA:167,5
DA:168,0
DA:169,5
DA:170,5
DA:173,0
DA:175,0
DA:177,5
DA:178,5
DA:179,0
DA:181,5
DA:184,5
DA:185,0
DA:186,5
DA:187,3
DA:189,2
DA:192,0
DA:195,2
DA:196,2
DA:205,3
DA:206,0
DA:208,3
DA:209,1
DA:211,1
DA:212,16
DA:213,16
DA:214,0
DA:215,16
DA:216,1
DA:218,15
DA:219,15
DA:220,0
DA:221,0
DA:222,15
DA:231,15
DA:232,15
DA:233,15
DA:234,0
DA:235,15
DA:244,1
DA:245,1
DA:246,1
LF:146
LH:82
BRDA:19,0,0,3
BRDA:19,0,1,0
BRDA:20,1,0,3
BRDA:20,1,1,3
BRDA:25,2,0,3
BRDA:25,2,1,3
BRDA:29,3,0,0
BRDA:29,3,1,3
BRDA:36,4,0,0
BRDA:36,4,1,3
BRDA:36,5,0,3
BRDA:36,5,1,0
BRDA:42,6,0,0
BRDA:42,6,1,3
BRDA:47,7,0,0
BRDA:47,7,1,3
BRDA:52,8,0,0
BRDA:52,8,1,3
BRDA:61,9,0,0
BRDA:61,9,1,3
BRDA:63,10,0,3
BRDA:63,10,1,0
BRDA:67,11,0,0
BRDA:67,11,1,0
BRDA:69,12,0,0
BRDA:69,12,1,0
BRDA:89,13,0,0
BRDA:89,13,1,0
BRDA:94,14,0,0
BRDA:94,14,1,0
BRDA:94,15,0,0
BRDA:94,15,1,0
BRDA:95,16,0,0
BRDA:95,16,1,0
BRDA:96,17,0,0
BRDA:96,17,1,0
BRDA:97,18,0,0
BRDA:97,18,1,0
BRDA:101,19,0,0
BRDA:101,19,1,0
BRDA:102,20,0,0
BRDA:102,20,1,0
BRDA:106,21,0,0
BRDA:106,21,1,0
BRDA:106,22,0,0
BRDA:106,22,1,0
BRDA:108,23,0,0
BRDA:108,23,1,0
BRDA:109,24,0,0
BRDA:109,24,1,0
BRDA:114,25,0,0
BRDA:114,25,1,0
BRDA:115,26,0,0
BRDA:115,26,1,0
BRDA:119,27,0,0
BRDA:119,27,1,0
BRDA:121,28,0,0
BRDA:121,28,1,0
BRDA:139,29,0,0
BRDA:139,29,1,3
BRDA:141,30,0,1
BRDA:141,30,1,2
BRDA:146,31,0,0
BRDA:146,31,1,5
BRDA:148,32,0,2
BRDA:148,32,1,3
BRDA:148,33,0,5
BRDA:148,33,1,5
BRDA:155,34,0,1
BRDA:155,34,1,1
BRDA:156,35,0,1
BRDA:156,35,1,0
BRDA:160,36,0,0
BRDA:160,36,1,2
BRDA:164,37,0,0
BRDA:164,37,1,5
BRDA:167,38,0,0
BRDA:167,38,1,5
BRDA:178,39,0,0
BRDA:178,39,1,5
BRDA:184,40,0,0
BRDA:184,40,1,5
BRDA:186,41,0,3
BRDA:186,41,1,2
BRDA:195,42,0,2
BRDA:195,42,1,0
BRDA:205,43,0,0
BRDA:205,43,1,3
BRDA:213,44,0,0
BRDA:213,44,1,16
BRDA:215,45,0,1
BRDA:215,45,1,15
BRDA:215,46,0,16
BRDA:215,46,1,15
BRDA:218,47,0,0
BRDA:218,47,1,15
BRDA:219,48,0,0
BRDA:219,48,1,15
BRDA:220,49,0,0
BRDA:220,49,1,0
BRDA:223,50,0,15
BRDA:223,50,1,15
BRDA:226,51,0,15
BRDA:226,51,1,6
BRDA:233,52,0,0
BRDA:233,52,1,15
BRF:106
BRH:45
end_of_record
TN:
SF:/media/mohsen/IO/Serendip/serendip/dist/core/ServerController.js
FN:6,(anonymous_0)
FN:10,(anonymous_1)
FN:11,(anonymous_2)
FN:15,(anonymous_3)
FN:16,(anonymous_4)
FN:27,(anonymous_5)
FNF:6
FNH:0
FNDA:0,(anonymous_0)
FNDA:0,(anonymous_1)
FNDA:0,(anonymous_2)
FNDA:0,(anonymous_3)
FNDA:0,(anonymous_4)
FNDA:0,(anonymous_5)
DA:2,1
DA:3,1
DA:4,1
DA:7,0
DA:11,0
DA:12,0
DA:16,0
DA:17,0
DA:18,0
DA:20,0
DA:24,0
DA:28,0
DA:29,0
DA:35,1
LF:14
LH:4
BRF:0
BRH:0
end_of_record
TN:
SF:/media/mohsen/IO/Serendip/serendip/dist/core/ServerErrorHandler.js
FN:4,(anonymous_0)
FNF:1
FNH:0
FNDA:0,(anonymous_0)
DA:2,1
DA:5,0
DA:6,0
DA:7,0
DA:8,0
DA:9,0
DA:10,0
DA:13,1
LF:8
LH:2
BRDA:9,0,0,0
BRDA:9,0,1,0
BRF:2
BRH:0
end_of_record
TN:
SF:/media/mohsen/IO/Serendip/serendip/dist/core/ServerRequestHelpers.js
FN:4,ServerRequestHelpers
FN:5,(anonymous_1)
FN:10,(anonymous_2)
FN:16,(anonymous_3)
FNF:4
FNH:0
FNDA:0,ServerRequestHelpers
FNDA:0,(anonymous_1)
FNDA:0,(anonymous_2)
FNDA:0,(anonymous_3)
DA:2,1
DA:3,1
DA:5,0
DA:6,0
DA:7,0
DA:8,0
DA:10,0
DA:11,0
DA:12,0
DA:14,0
DA:16,0
DA:17,0
DA:19,0
DA:20,0
DA:21,0
DA:23,1
LF:16
LH:3
BRDA:6,0,0,0
BRDA:6,0,1,0
BRDA:11,1,0,0
BRDA:11,1,1,0
BRDA:19,2,0,0
BRDA:19,2,1,0
BRF:6
BRH:0
end_of_record
TN:
SF:/media/mohsen/IO/Serendip/serendip/dist/core/ServerResponseHelpers.js
FN:5,ServerResponseHelpers
FN:6,(anonymous_1)
FN:24,(anonymous_2)
FN:32,(anonymous_3)
FN:48,(anonymous_4)
FN:52,(anonymous_5)
FNF:6
FNH:0
FNDA:0,ServerResponseHelpers
FNDA:0,(anonymous_1)
FNDA:0,(anonymous_2)
FNDA:0,(anonymous_3)
FNDA:0,(anonymous_4)
FNDA:0,(anonymous_5)
DA:2,1
DA:3,1
DA:4,1
DA:6,0
DA:8,0
DA:24,0
DA:25,0
DA:27,0
DA:28,0
DA:29,0
DA:32,0
DA:33,0
DA:34,0
DA:35,0
DA:39,0
DA:41,0
DA:42,0
DA:43,0
DA:48,0
DA:49,0
DA:50,0
DA:52,0
DA:53,0
DA:54,0
DA:56,0
DA:58,1
LF:26
LH:4
BRDA:25,0,0,0
BRDA:25,0,1,0
BRDA:33,1,0,0
BRDA:33,1,1,0
BRDA:41,2,0,0
BRDA:41,2,1,0
BRF:6
BRH:0
end_of_record
TN:
SF:/media/mohsen/IO/Serendip/serendip/dist/core/ServerRouter.js
FN:12,(anonymous_0)
FN:14,(anonymous_1)
FN:16,(anonymous_2)
FN:24,(anonymous_3)
FN:41,(anonymous_4)
FN:45,(anonymous_5)
FN:60,(anonymous_6)
FN:61,(anonymous_7)
FN:68,(anonymous_8)
FN:71,(anonymous_9)
FN:72,(anonymous_10)
FN:75,_next
FN:88,_done
FN:99,(anonymous_13)
FN:100,(anonymous_14)
FN:107,(anonymous_15)
FN:108,(anonymous_16)
FN:127,(anonymous_17)
FN:129,(anonymous_18)
FN:133,(anonymous_19)
FN:138,(anonymous_20)
FN:139,(anonymous_21)
FN:141,(anonymous_22)
FN:144,(anonymous_23)
FN:147,(anonymous_24)
FNF:25
FNH:0
FNDA:0,(anonymous_0)
FNDA:0,(anonymous_1)
FNDA:0,(anonymous_2)
FNDA:0,(anonymous_3)
FNDA:0,(anonymous_4)
FNDA:0,(anonymous_5)
FNDA:0,(anonymous_6)
FNDA:0,(anonymous_7)
FNDA:0,(anonymous_8)
FNDA:0,(anonymous_9)
FNDA:0,(anonymous_10)
FNDA:0,_next
FNDA:0,_done
FNDA:0,(anonymous_13)
FNDA:0,(anonymous_14)
FNDA:0,(anonymous_15)
FNDA:0,(anonymous_16)
FNDA:0,(anonymous_17)
FNDA:0,(anonymous_18)
FNDA:0,(anonymous_19)
FNDA:0,(anonymous_20)
FNDA:0,(anonymous_21)
FNDA:0,(anonymous_22)
FNDA:0,(anonymous_23)
FNDA:0,(anonymous_24)
DA:2,1
DA:3,1
DA:4,1
DA:5,1
DA:6,1
DA:7,1
DA:8,1
DA:9,1
DA:10,1
DA:15,0
DA:16,0
DA:17,0
DA:18,0
DA:19,0
DA:20,0
DA:22,0
DA:23,0
DA:24,0
DA:25,0
DA:26,0
DA:29,0
DA:30,0
DA:31,0
DA:34,0
DA:35,0
DA:36,0
DA:42,0
DA:43,0
DA:45,0
DA:47,0
DA:48,0
DA:49,0
DA:50,0
DA:51,0
DA:52,0
DA:53,0
DA:54,0
DA:56,0
DA:58,0
DA:61,0
DA:64,0
DA:65,0
DA:66,0
DA:67,0
DA:68,0
DA:70,0
DA:71,0
DA:72,0
DA:74,0
DA:75,0
DA:76,0
DA:77,0
DA:78,0
DA:79,0
DA:80,0
DA:83,0
DA:84,0
DA:85,0
DA:87,0
DA:89,0
DA:90,0
DA:91,0
DA:92,0
DA:96,0
DA:98,0
DA:99,0
DA:101,0
DA:104,0
DA:108,0
DA:109,0
DA:110,0
DA:111,0
DA:112,0
DA:113,0
DA:114,0
DA:115,0
DA:116,0
DA:117,0
DA:118,0
DA:121,0
DA:122,0
DA:123,0
DA:125,0
DA:126,0
DA:127,0
DA:128,0
DA:130,0
DA:133,0
DA:134,0
DA:135,0
DA:136,0
DA:138,0
DA:139,0
DA:140,0
DA:142,0
DA:145,0
DA:151,1
DA:157,1
LF:98
LH:11
BRDA:17,0,0,0
BRDA:17,0,1,0
BRDA:22,1,0,0
BRDA:22,1,1,0
BRDA:25,2,0,0
BRDA:25,2,1,0
BRDA:47,3,0,0
BRDA:47,3,1,0
BRDA:51,4,0,0
BRDA:51,4,1,0
BRDA:66,5,0,0
BRDA:66,5,1,0
BRDA:76,6,0,0
BRDA:76,6,1,0
BRDA:77,7,0,0
BRDA:77,7,1,0
BRDA:78,8,0,0
BRDA:78,8,1,0
BRDA:84,9,0,0
BRDA:84,9,1,0
BRDA:89,10,0,0
BRDA:89,10,1,0
BRDA:98,11,0,0
BRDA:98,11,1,0
BRDA:101,12,0,0
BRDA:101,12,1,0
BRDA:109,13,0,0
BRDA:109,13,1,0
BRDA:113,14,0,0
BRDA:113,14,1,0
BRDA:121,15,0,0
BRDA:121,15,1,0
BRDA:126,16,0,0
BRDA:126,16,1,0
BRDA:134,17,0,0
BRDA:134,17,1,0
BRF:36
BRH:0
end_of_record
TN:
SF:/media/mohsen/IO/Serendip/serendip/dist/core/ServerService.js
FN:4,(anonymous_0)
FNF:1
FNH:0
FNDA:0,(anonymous_0)
DA:2,0
DA:7,0
LF:2
LH:0
BRF:0
BRH:0
end_of_record
TN:
SF:/media/mohsen/IO/Serendip/serendip/dist/core/index.js
FN:3,__export
FNF:1
FNH:1
FNDA:6,__export
DA:4,6
DA:6,1
DA:7,1
DA:8,1
DA:9,1
DA:10,1
DA:11,1
DA:12,1
LF:8
LH:8
BRDA:4,0,0,6
BRDA:4,0,1,0
BRF:2
BRH:1
end_of_record
TN:
SF:/media/mohsen/IO/Serendip/serendip/dist/core/interfaces/ServerControllerInterface.js
FNF:0
FNH:0
DA:2,0
LF:1
LH:0
BRF:0
BRH:0
end_of_record
TN:
SF:/media/mohsen/IO/Serendip/serendip/dist/core/interfaces/ServerEndpointActionInterface.js
FNF:0
FNH:0
DA:2,0
LF:1
LH:0
BRF:0
BRH:0
end_of_record
TN:
SF:/media/mohsen/IO/Serendip/serendip/dist/core/interfaces/ServerEndpointErrorInterface.js
FNF:0
FNH:0
DA:2,0
LF:1
LH:0
BRF:0
BRH:0
end_of_record
TN:
SF:/media/mohsen/IO/Serendip/serendip/dist/core/interfaces/ServerEndpointInterface.js
FNF:0
FNH:0
DA:2,0
LF:1
LH:0
BRF:0
BRH:0
end_of_record
TN:
SF:/media/mohsen/IO/Serendip/serendip/dist/core/interfaces/ServerMiddlewareInterface.js
FNF:0
FNH:0
DA:2,0
LF:1
LH:0
BRF:0
BRH:0
end_of_record
TN:
SF:/media/mohsen/IO/Serendip/serendip/dist/core/interfaces/ServerOptionsInterface.js
FNF:0
FNH:0
DA:2,0
LF:1
LH:0
BRF:0
BRH:0
end_of_record
TN:
SF:/media/mohsen/IO/Serendip/serendip/dist/core/interfaces/ServerRequestInterface.js
FNF:0
FNH:0
DA:2,0
LF:1
LH:0
BRF:0
BRH:0
end_of_record
TN:
SF:/media/mohsen/IO/Serendip/serendip/dist/core/interfaces/ServerResponseInterface.js
FNF:0
FNH:0
DA:2,0
LF:1
LH:0
BRF:0
BRH:0
end_of_record
TN:
SF:/media/mohsen/IO/Serendip/serendip/dist/core/interfaces/ServerRouteInterface.js
FNF:0
FNH:0
DA:2,0
LF:1
LH:0
BRF:0
BRH:0
end_of_record
TN:
SF:/media/mohsen/IO/Serendip/serendip/dist/core/interfaces/ServerServiceInterface.js
FNF:0
FNH:0
DA:2,0
LF:1
LH:0
BRF:0
BRH:0
end_of_record
TN:
SF:/media/mohsen/IO/Serendip/serendip/dist/db/DbCollection.js
FN:8,(anonymous_0)
FN:16,(anonymous_1)
FN:20,(anonymous_2)
FN:25,(anonymous_3)
FN:30,(anonymous_4)
FN:38,(anonymous_5)
FN:45,(anonymous_6)
FN:48,(anonymous_7)
FN:51,(anonymous_8)
FN:52,(anonymous_9)
FN:58,(anonymous_10)
FN:74,(anonymous_11)
FN:75,(anonymous_12)
FN:82,(anonymous_13)
FN:95,(anonymous_14)
FN:101,(anonymous_15)
FN:103,(anonymous_16)
FN:108,(anonymous_17)
FNF:18
FNH:5
FNDA:5,(anonymous_0)
FNDA:4,(anonymous_1)
FNDA:1,(anonymous_2)
FNDA:1,(anonymous_3)
FNDA:0,(anonymous_4)
FNDA:1,(anonymous_5)
FNDA:0,(anonymous_6)
FNDA:0,(anonymous_7)
FNDA:0,(anonymous_8)
FNDA:0,(anonymous_9)
FNDA:0,(anonymous_10)
FNDA:0,(anonymous_11)
FNDA:0,(anonymous_12)
FNDA:0,(anonymous_13)
FNDA:0,(anonymous_14)
FNDA:0,(anonymous_15)
FNDA:0,(anonymous_16)
FNDA:0,(anonymous_17)
DA:2,1
DA:3,1
DA:4,1
DA:5,1
DA:6,1
DA:9,5
DA:10,5
DA:11,5
DA:12,5
DA:13,5
DA:14,1
DA:17,4
DA:21,1
DA:22,0
DA:23,1
DA:24,0
DA:25,1
DA:26,1
DA:27,0
DA:31,0
DA:32,0
DA:33,0
DA:36,1
DA:39,1
DA:40,0
DA:41,1
DA:46,0
DA:49,0
DA:52,0
DA:53,0
DA:54,0
DA:55,0
DA:59,0
DA:60,0
DA:61,0
DA:62,0
DA:63,0
DA:75,0
DA:77,0
DA:78,0
DA:79,0
DA:81,0
DA:82,0
DA:83,0
DA:84,0
DA:94,0
DA:96,0
DA:97,0
DA:102,0
DA:103,0
DA:104,0
DA:105,0
DA:109,0
DA:110,0
DA:111,0
DA:112,0
DA:113,0
DA:125,1
LF:58
LH:20
BRDA:13,0,0,1
BRDA:13,0,1,4
BRDA:21,1,0,0
BRDA:21,1,1,1
BRDA:23,2,0,0
BRDA:23,2,1,1
BRDA:26,3,0,0
BRDA:26,3,1,1
BRDA:26,4,0,1
BRDA:26,4,1,0
BRDA:31,5,0,0
BRDA:31,5,1,0
BRDA:39,6,0,0
BRDA:39,6,1,1
BRDA:59,7,0,0
BRDA:59,7,1,0
BRDA:62,8,0,0
BRDA:62,8,1,0
BRDA:78,9,0,0
BRDA:78,9,1,0
BRDA:78,10,0,0
BRDA:78,10,1,0
BRDA:83,11,0,0
BRDA:83,11,1,0
BRDA:109,12,0,0
BRDA:109,12,1,0
BRDA:112,13,0,0
BRDA:112,13,1,0
BRF:28
BRH:7
end_of_record
TN:
SF:/media/mohsen/IO/Serendip/serendip/dist/db/DbService.js
FN:10,(anonymous_0)
FN:13,(anonymous_1)
FN:22,(anonymous_2)
FN:27,(anonymous_3)
FN:35,(anonymous_4)
FN:40,(anonymous_5)
FNF:6
FNH:6
FNDA:1,(anonymous_0)
FNDA:1,(anonymous_1)
FNDA:1,(anonymous_2)
FNDA:1,(anonymous_3)
FNDA:5,(anonymous_4)
FNDA:5,(anonymous_5)
DA:2,1
DA:3,1
DA:4,1
DA:5,1
DA:11,1
DA:14,1
DA:24,1
DA:25,1
DA:28,1
DA:29,1
DA:32,0
DA:34,1
DA:35,1
DA:36,5
DA:38,1
DA:41,5
DA:42,5
DA:43,0
DA:44,0
DA:45,0
DA:47,5
DA:50,1
DA:51,1
DA:55,1
LF:24
LH:20
BRDA:42,0,0,0
BRDA:42,0,1,5
BRF:2
BRH:1
end_of_record
TN:
SF:/media/mohsen/IO/Serendip/serendip/dist/db/index.js
FN:2,__export
FNF:1
FNH:1
FNDA:3,__export
DA:3,4
DA:5,1
DA:6,1
DA:7,1
DA:8,1
LF:5
LH:5
BRDA:3,0,0,4
BRDA:3,0,1,0
BRF:2
BRH:1
end_of_record
TN:
SF:/media/mohsen/IO/Serendip/serendip/dist/db/models/EntityChangeModel.js
FN:4,(anonymous_0)
FNF:1
FNH:1
FNDA:1,(anonymous_0)
DA:2,1
DA:4,1
DA:5,1
DA:6,1
DA:7,1
DA:11,1
LF:6
LH:6
BRDA:8,0,0,1
BRDA:8,0,1,1
BRF:2
BRH:2
end_of_record
TN:
SF:/media/mohsen/IO/Serendip/serendip/dist/db/models/index.js
FN:2,__export
FNF:1
FNH:1
FNDA:1,__export
DA:3,2
DA:5,1
DA:7,1
LF:3
LH:3
BRDA:3,0,0,2
BRDA:3,0,1,0
BRF:2
BRH:1
end_of_record
TN:
SF:/media/mohsen/IO/Serendip/serendip/dist/email/EmailService.js
FN:10,(anonymous_0)
FN:13,(anonymous_1)
FN:14,(anonymous_2)
FN:15,(anonymous_3)
FN:16,(anonymous_4)
FN:26,(anonymous_5)
FN:33,(anonymous_6)
FN:34,(anonymous_7)
FN:58,(anonymous_8)
FNF:9
FNH:1
FNDA:0,(anonymous_0)
FNDA:0,(anonymous_1)
FNDA:0,(anonymous_2)
FNDA:0,(anonymous_3)
FNDA:0,(anonymous_4)
FNDA:1,(anonymous_5)
FNDA:0,(anonymous_6)
FNDA:0,(anonymous_7)
FNDA:0,(anonymous_8)
DA:2,1
DA:3,1
DA:4,1
DA:5,1
DA:6,1
DA:7,1
DA:8,1
DA:11,0
DA:14,0
DA:15,0
DA:16,0
DA:17,0
DA:22,0
DA:27,1
DA:28,1
DA:29,1
DA:30,1
DA:31,0
DA:34,0
DA:35,0
DA:44,0
DA:45,0
DA:46,0
DA:47,0
DA:48,0
DA:51,0
DA:52,0
DA:53,0
DA:54,0
DA:56,0
DA:58,0
DA:59,0
DA:60,0
DA:61,0
DA:62,0
DA:67,1
DA:68,1
DA:69,1
DA:70,1
LF:39
LH:15
BRDA:30,0,0,0
BRDA:30,0,1,1
BRDA:44,1,0,0
BRDA:44,1,1,0
BRDA:46,2,0,0
BRDA:46,2,1,0
BRDA:46,3,0,0
BRDA:46,3,1,0
BRDA:47,4,0,0
BRDA:47,4,1,0
BRDA:51,5,0,0
BRDA:51,5,1,0
BRDA:53,6,0,0
BRDA:53,6,1,0
BRDA:59,7,0,0
BRDA:59,7,1,0
BRF:16
BRH:1
end_of_record
TN:
SF:/media/mohsen/IO/Serendip/serendip/dist/email/index.js
FN:2,__export
FNF:1
FNH:1
FNDA:2,__export
DA:3,2
DA:5,1
DA:6,1
DA:7,1
LF:4
LH:4
BRDA:3,0,0,2
BRDA:3,0,1,0
BRF:2
BRH:1
end_of_record
TN:
SF:/media/mohsen/IO/Serendip/serendip/dist/email/models/EmailModel.js
FNF:0
FNH:0
DA:2,1
DA:5,1
LF:2
LH:2
BRF:0
BRH:0
end_of_record
TN:
SF:/media/mohsen/IO/Serendip/serendip/dist/email/models/index.js
FN:2,__export
FNF:1
FNH:1
FNDA:1,__export
DA:3,1
DA:5,1
DA:6,1
LF:3
LH:3
BRDA:3,0,0,1
BRDA:3,0,1,0
BRF:2
BRH:1
end_of_record
TN:
SF:/media/mohsen/IO/Serendip/serendip/dist/fax/FaxService.js
FN:4,(anonymous_0)
FNF:1
FNH:0
FNDA:0,(anonymous_0)
DA:2,1
DA:7,1
DA:8,1
LF:3
LH:3
BRF:0
BRH:0
end_of_record
TN:
SF:/media/mohsen/IO/Serendip/serendip/dist/fax/index.js
FN:2,__export
FNF:1
FNH:1
FNDA:1,__export
DA:3,1
DA:5,1
DA:6,1
LF:3
LH:3
BRDA:3,0,0,1
BRDA:3,0,1,0
BRF:2
BRH:1
end_of_record
TN:
SF:/media/mohsen/IO/Serendip/serendip/dist/sms/SmsIrService.js
FN:5,(anonymous_0)
FN:11,(anonymous_1)
FN:14,(anonymous_2)
FN:15,(anonymous_3)
FN:31,(anonymous_4)
FN:47,(anonymous_5)
FN:48,(anonymous_6)
FN:49,(anonymous_7)
FN:59,(anonymous_8)
FN:71,(anonymous_9)
FN:72,(anonymous_10)
FN:74,(anonymous_11)
FN:88,(anonymous_12)
FN:96,(anonymous_13)
FN:102,(anonymous_14)
FN:103,(anonymous_15)
FN:104,(anonymous_16)
FN:121,(anonymous_17)
FN:132,(anonymous_18)
FNF:19
FNH:0
FNDA:0,(anonymous_0)
FNDA:0,(anonymous_1)
FNDA:0,(anonymous_2)
FNDA:0,(anonymous_3)
FNDA:0,(anonymous_4)
FNDA:0,(anonymous_5)
FNDA:0,(anonymous_6)
FNDA:0,(anonymous_7)
FNDA:0,(anonymous_8)
FNDA:0,(anonymous_9)
FNDA:0,(anonymous_10)
FNDA:0,(anonymous_11)
FNDA:0,(anonymous_12)
FNDA:0,(anonymous_13)
FNDA:0,(anonymous_14)
FNDA:0,(anonymous_15)
FNDA:0,(anonymous_16)
FNDA:0,(anonymous_17)
FNDA:0,(anonymous_18)
DA:2,1
DA:3,1
DA:6,0
DA:9,0
DA:12,0
DA:15,0
DA:16,0
DA:17,0
DA:18,0
DA:19,0
DA:32,0
DA:33,0
DA:34,0
DA:36,0
DA:37,0
DA:38,0
DA:39,0
DA:40,0
DA:43,0
DA:48,0
DA:49,0
DA:50,0
DA:60,0
DA:61,0
DA:62,0
DA:63,0
DA:66,0
DA:72,0
DA:73,0
DA:74,0
DA:75,0
DA:89,0
DA:90,0
DA:91,0
DA:93,0
DA:94,0
DA:97,0
DA:98,0
DA:103,0
DA:104,0
DA:105,0
DA:122,0
DA:123,0
DA:124,0
DA:125,0
DA:127,0
DA:135,1
DA:136,1
DA:137,1
LF:49
LH:5
BRDA:6,0,0,0
BRDA:6,0,1,0
BRDA:6,1,0,0
BRDA:6,1,1,0
BRDA:6,1,2,0
BRDA:16,2,0,0
BRDA:16,2,1,0
BRDA:17,3,0,0
BRDA:17,3,1,0
BRDA:32,4,0,0
BRDA:32,4,1,0
BRDA:36,5,0,0
BRDA:36,5,1,0
BRDA:60,6,0,0
BRDA:60,6,1,0
BRDA:62,7,0,0
BRDA:62,7,1,0
BRDA:89,8,0,0
BRDA:89,8,1,0
BRDA:122,9,0,0
BRDA:122,9,1,0
BRDA:124,10,0,0
BRDA:124,10,1,0
BRF:23
BRH:0
end_of_record
TN:
SF:/media/mohsen/IO/Serendip/serendip/dist/sms/SmsServiceProviderInterface.js
FNF:0
FNH:0
DA:2,0
LF:1
LH:0
BRF:0
BRH:0
end_of_record
TN:
SF:/media/mohsen/IO/Serendip/serendip/dist/sms/index.js
FN:2,__export
FNF:1
FNH:1
FNDA:1,__export
DA:3,1
DA:5,1
DA:6,1
LF:3
LH:3
BRDA:3,0,0,1
BRDA:3,0,1,0
BRF:2
BRH:1
end_of_record
TN:
SF:/media/mohsen/IO/Serendip/serendip/dist/ui/ViewEngineService.js
FN:5,(anonymous_0)
FN:7,(anonymous_1)
FNF:2
FNH:1
FNDA:1,(anonymous_0)
FNDA:0,(anonymous_1)
DA:2,1
DA:3,1
DA:8,0
DA:11,1
DA:12,1
LF:5
LH:4
BRF:0
BRH:0
end_of_record
TN:
SF:/media/mohsen/IO/Serendip/serendip/dist/ui/index.js
FN:2,__export
FNF:1
FNH:1
FNDA:1,__export
DA:3,1
DA:5,1
DA:6,1
LF:3
LH:3
BRDA:3,0,0,1
BRDA:3,0,1,0
BRF:2
BRH:1
end_of_record
TN:
SF:/media/mohsen/IO/Serendip/serendip/dist/utils/Validator.js
FN:4,(anonymous_0)
FN:6,(anonymous_1)
FN:9,(anonymous_2)
FN:13,(anonymous_3)
FN:17,(anonymous_4)
FNF:5
FNH:0
FNDA:0,(anonymous_0)
FNDA:0,(anonymous_1)
FNDA:0,(anonymous_2)
FNDA:0,(anonymous_3)
FNDA:0,(anonymous_4)
DA:2,1
DA:7,0
DA:10,0
DA:14,0
DA:18,0
DA:22,1
LF:6
LH:2
BRDA:7,0,0,0
BRDA:7,0,1,0
BRF:2
BRH:0
end_of_record
TN:
SF:/media/mohsen/IO/Serendip/serendip/dist/utils/index.js
FN:2,__export
FN:10,randomString
FN:30,randomAsciiString
FN:35,randomNumberString
FN:40,randomAccessToken
FN:44,bcryptHash
FN:48,bcryptCompare
FNF:7
FNH:1
FNDA:1,__export
FNDA:0,randomString
FNDA:0,randomAsciiString
FNDA:0,randomNumberString
FNDA:0,randomAccessToken
FNDA:0,bcryptHash
FNDA:0,bcryptCompare
DA:3,1
DA:5,1
DA:6,1
DA:7,1
DA:8,1
DA:11,0
DA:12,0
DA:14,0
DA:15,0
DA:16,0
DA:19,0
DA:20,0
DA:21,0
DA:22,0
DA:23,0
DA:24,0
DA:26,0
DA:28,1
DA:31,0
DA:33,1
DA:36,0
DA:38,1
DA:41,0
DA:43,1
DA:45,0
DA:47,1
DA:49,0
DA:51,1
LF:28
LH:11
BRDA:3,0,0,1
BRDA:3,0,1,0
BRDA:11,1,0,0
BRDA:11,1,1,0
BRDA:15,2,0,0
BRDA:15,2,1,0
BRF:6
BRH:1
end_of_record
TN:
SF:/media/mohsen/IO/Serendip/serendip/dist/ws/WebSocketInterface.js
FNF:0
FNH:0
DA:2,0
LF:1
LH:0
BRF:0
BRH:0
end_of_record
TN:
SF:/media/mohsen/IO/Serendip/serendip/dist/ws/WebSocketService.js
FN:7,(anonymous_0)
FN:20,(anonymous_1)
FN:22,(anonymous_2)
FN:23,(anonymous_3)
FN:24,(anonymous_4)
FN:26,(anonymous_5)
FN:37,(anonymous_6)
FN:38,(anonymous_7)
FN:39,(anonymous_8)
FN:60,(anonymous_9)
FNF:10
FNH:0
FNDA:0,(anonymous_0)
FNDA:0,(anonymous_1)
FNDA:0,(anonymous_2)
FNDA:0,(anonymous_3)
FNDA:0,(anonymous_4)
FNDA:0,(anonymous_5)
FNDA:0,(anonymous_6)
FNDA:0,(anonymous_7)
FNDA:0,(anonymous_8)
FNDA:0,(anonymous_9)
DA:2,1
DA:3,1
DA:4,1
DA:5,1
DA:8,0
DA:9,0
DA:10,0
DA:11,0
DA:21,0
DA:22,0
DA:23,0
DA:24,0
DA:25,0
DA:26,0
DA:27,0
DA:38,0
DA:39,0
DA:44,0
DA:45,0
DA:46,0
DA:47,0
DA:48,0
DA:50,0
DA:53,0
DA:54,0
DA:58,0
DA:60,0
DA:61,0
DA:67,1
DA:68,1
LF:30
LH:6
BRDA:25,0,0,0
BRDA:25,0,1,0
BRDA:30,1,0,0
BRDA:30,1,1,0
BRDA:44,2,0,0
BRDA:44,2,1,0
BRDA:62,3,0,0
BRDA:62,3,1,0
BRF:8
BRH:0
end_of_record
TN:
SF:/media/mohsen/IO/Serendip/serendip/examples/authExamples.js
FN:26,(anonymous_0)
FN:27,(anonymous_1)
FNF:2
FNH:0
FNDA:0,(anonymous_0)
FNDA:0,(anonymous_1)
DA:1,0
DA:4,0
DA:9,0
DA:19,0
DA:26,0
DA:27,0
LF:6
LH:0
BRF:0
BRH:0
end_of_record
TN:
SF:/media/mohsen/IO/Serendip/serendip/examples/exampleService.js
FN:4,(anonymous_0)
FN:7,(anonymous_1)
FN:8,(anonymous_2)
FN:10,(anonymous_3)
FN:16,(anonymous_4)
FN:17,(anonymous_5)
FN:31,(anonymous_6)
FN:39,(anonymous_7)
FN:59,(anonymous_8)
FN:59,(anonymous_9)
FNF:10
FNH:0
FNDA:0,(anonymous_0)
FNDA:0,(anonymous_1)
FNDA:0,(anonymous_2)
FNDA:0,(anonymous_3)
FNDA:0,(anonymous_4)
FNDA:0,(anonymous_5)
FNDA:0,(anonymous_6)
FNDA:0,(anonymous_7)
FNDA:0,(anonymous_8)
FNDA:0,(anonymous_9)
DA:1,0
DA:5,0
DA:8,0
DA:10,0
DA:11,0
DA:12,0
DA:17,0
DA:18,0
DA:23,0
DA:28,0
DA:35,0
DA:41,0
DA:42,0
DA:49,0
DA:54,0
DA:59,0
LF:16
LH:0
BRF:0
BRH:0
end_of_record
TN:
SF:/media/mohsen/IO/Serendip/serendip/examples/helloWorld.js
FN:5,(anonymous_0)
FN:14,(anonymous_1)
FN:18,(anonymous_2)
FNF:3
FNH:0
FNDA:0,(anonymous_0)
FNDA:0,(anonymous_1)
FNDA:0,(anonymous_2)
DA:1,0
DA:10,0
DA:15,0
DA:16,0
DA:19,0
DA:20,0
DA:27,0
LF:7
LH:0
BRF:0
BRH:0
end_of_record
TN:
SF:/media/mohsen/IO/Serendip/serendip/examples/routerExamples.js
FN:5,(anonymous_0)
FN:14,(anonymous_1)
FN:17,(anonymous_2)
FNF:3
FNH:0
FNDA:0,(anonymous_0)
FNDA:0,(anonymous_1)
FNDA:0,(anonymous_2)
DA:1,0
DA:10,0
DA:15,0
DA:18,0
DA:25,0
LF:5
LH:0
BRF:0
BRH:0
end_of_record
TN:
SF:/media/mohsen/IO/Serendip/serendip/examples/staticServer.js
FN:8,(anonymous_0)
FN:11,(anonymous_1)
FNF:2
FNH:0
FNDA:0,(anonymous_0)
FNDA:0,(anonymous_1)
DA:1,0
DA:2,0
DA:4,0
DA:9,0
DA:12,0
LF:5
LH:0
BRF:0
BRH:0
end_of_record
